Flow report for de10_lite_basis
Thu Nov 16 10:39:31 2023
Quartus Prime Version 22.1std.1 Build 917 02/14/2023 SC Lite Edition


---------------------
; Table of Contents ;
---------------------
  1. Legal Notice
  2. Flow Summary
  3. Flow Settings
  4. Flow Non-Default Global Settings
  5. Flow Elapsed Time
  6. Flow OS Summary
  7. Flow Log
  8. Flow Messages
  9. Flow Suppressed Messages



----------------
; Legal Notice ;
----------------
Copyright (C) 2023  Intel Corporation. All rights reserved.
Your use of Intel Corporation's design tools, logic functions 
and other software and tools, and any partner logic 
functions, and any output files from any of the foregoing 
(including device programming or simulation files), and any 
associated documentation or information are expressly subject 
to the terms and conditions of the Intel Program License 
Subscription Agreement, the Intel Quartus Prime License Agreement,
the Intel FPGA IP License Agreement, or other applicable license
agreement, including, without limitation, that your use is for
the sole purpose of programming logic devices manufactured by
Intel and sold by Intel or its authorized distributors.  Please
refer to the applicable agreement for further details, at
https://fpgasoftware.intel.com/eula.



+-------------------------------------------------------------------------------------+
; Flow Summary                                                                        ;
+------------------------------------+------------------------------------------------+
; Flow Status                        ; Successful - Thu Nov 16 10:39:31 2023          ;
; Quartus Prime Version              ; 22.1std.1 Build 917 02/14/2023 SC Lite Edition ;
; Revision Name                      ; de10_lite_basis                                ;
; Top-level Entity Name              ; de10-lite--basis                               ;
; Family                             ; MAX 10                                         ;
; Device                             ; 10M50DAF484C7G                                 ;
; Timing Models                      ; Final                                          ;
; Total logic elements               ; 50 / 49,760 ( < 1 % )                          ;
;     Total combinational functions  ; 50 / 49,760 ( < 1 % )                          ;
;     Dedicated logic registers      ; 26 / 49,760 ( < 1 % )                          ;
; Total registers                    ; 26                                             ;
; Total pins                         ; 71 / 360 ( 20 % )                              ;
; Total virtual pins                 ; 0                                              ;
; Total memory bits                  ; 0 / 1,677,312 ( 0 % )                          ;
; Embedded Multiplier 9-bit elements ; 0 / 288 ( 0 % )                                ;
; Total PLLs                         ; 1 / 4 ( 25 % )                                 ;
; UFM blocks                         ; 0 / 1 ( 0 % )                                  ;
; ADC blocks                         ; 0 / 2 ( 0 % )                                  ;
+------------------------------------+------------------------------------------------+


+-----------------------------------------+
; Flow Settings                           ;
+-------------------+---------------------+
; Option            ; Setting             ;
+-------------------+---------------------+
; Start date & time ; 11/16/2023 10:39:12 ;
; Main task         ; Compilation         ;
; Revision Name     ; de10_lite_basis     ;
+-------------------+---------------------+


+------------------------------------------------------------------------------------------------------------------------------------+
; Flow Non-Default Global Settings                                                                                                   ;
+-------------------------------------+----------------------------------------+-----------------+------------------+----------------+
; Assignment Name                     ; Value                                  ; Default Value   ; Entity Name      ; Section Id     ;
+-------------------------------------+----------------------------------------+-----------------+------------------+----------------+
; COMPILER_SIGNATURE_ID               ; 91755784373.170012755221188            ; --              ; --               ; --             ;
; EDA_OUTPUT_DATA_FORMAT              ; Vhdl                                   ; --              ; --               ; eda_simulation ;
; EDA_SIMULATION_TOOL                 ; ModelSim (VHDL)                        ; <None>          ; --               ; --             ;
; MAX_CORE_JUNCTION_TEMP              ; 85                                     ; --              ; --               ; --             ;
; MIN_CORE_JUNCTION_TEMP              ; 0                                      ; --              ; --               ; --             ;
; MISC_FILE                           ; pll_basis.bsf                          ; --              ; --               ; --             ;
; MISC_FILE                           ; pll_basis.cmp                          ; --              ; --               ; --             ;
; MISC_FILE                           ; pll_basis.ppf                          ; --              ; --               ; --             ;
; NUM_PARALLEL_PROCESSORS             ; 2                                      ; --              ; --               ; --             ;
; PARTITION_COLOR                     ; -- (Not supported for targeted family) ; --              ; de10-lite--basis ; Top            ;
; PARTITION_FITTER_PRESERVATION_LEVEL ; -- (Not supported for targeted family) ; --              ; de10-lite--basis ; Top            ;
; PARTITION_NETLIST_TYPE              ; -- (Not supported for targeted family) ; --              ; de10-lite--basis ; Top            ;
; POWER_BOARD_THERMAL_MODEL           ; None (CONSERVATIVE)                    ; --              ; --               ; --             ;
; POWER_PRESET_COOLING_SOLUTION       ; 23 MM HEAT SINK WITH 200 LFPM AIRFLOW  ; --              ; --               ; --             ;
; TOP_LEVEL_ENTITY                    ; de10-lite--basis                       ; de10_lite_basis ; --               ; --             ;
; VHDL_INPUT_VERSION                  ; VHDL_2008                              ; VHDL_1993       ; --               ; --             ;
; VHDL_SHOW_LMF_MAPPING_MESSAGES      ; Off                                    ; --              ; --               ; --             ;
+-------------------------------------+----------------------------------------+-----------------+------------------+----------------+


+--------------------------------------------------------------------------------------------------------------------------+
; Flow Elapsed Time                                                                                                        ;
+----------------------+--------------+-------------------------+---------------------+------------------------------------+
; Module Name          ; Elapsed Time ; Average Processors Used ; Peak Virtual Memory ; Total CPU Time (on all processors) ;
+----------------------+--------------+-------------------------+---------------------+------------------------------------+
; Analysis & Synthesis ; 00:00:07     ; 1.0                     ; 4826 MB             ; 00:00:06                           ;
; Fitter               ; 00:00:05     ; 1.0                     ; 5380 MB             ; 00:00:03                           ;
; Assembler            ; 00:00:02     ; 1.0                     ; 4715 MB             ; 00:00:01                           ;
; Timing Analyzer      ; 00:00:02     ; 1.0                     ; 4829 MB             ; 00:00:01                           ;
; EDA Netlist Writer   ; 00:00:00     ; 1.0                     ; 4659 MB             ; 00:00:00                           ;
; Total                ; 00:00:16     ; --                      ; --                  ; 00:00:11                           ;
+----------------------+--------------+-------------------------+---------------------+------------------------------------+


+------------------------------------------------------------------------------------+
; Flow OS Summary                                                                    ;
+----------------------+------------------+------------+------------+----------------+
; Module Name          ; Machine Hostname ; OS Name    ; OS Version ; Processor type ;
+----------------------+------------------+------------+------------+----------------+
; Analysis & Synthesis ; Aorus15          ; Windows 10 ; 10.0       ; x86_64         ;
; Fitter               ; Aorus15          ; Windows 10 ; 10.0       ; x86_64         ;
; Assembler            ; Aorus15          ; Windows 10 ; 10.0       ; x86_64         ;
; Timing Analyzer      ; Aorus15          ; Windows 10 ; 10.0       ; x86_64         ;
; EDA Netlist Writer   ; Aorus15          ; Windows 10 ; 10.0       ; x86_64         ;
+----------------------+------------------+------------+------------+----------------+


------------
; Flow Log ;
------------
quartus_map --read_settings_files=on --write_settings_files=off de10_lite_basis -c de10_lite_basis
quartus_fit --read_settings_files=off --write_settings_files=off de10_lite_basis -c de10_lite_basis
quartus_asm --read_settings_files=off --write_settings_files=off de10_lite_basis -c de10_lite_basis
quartus_sta de10_lite_basis -c de10_lite_basis
quartus_eda --read_settings_files=off --write_settings_files=off de10_lite_basis -c de10_lite_basis



